<?xml version="1.0" encoding="UTF-8"?>
<!-- Generated by org.testng.reporters.JUnitReportReporter -->
<testsuite hostname="arunkumar-ThinkBook-15-G3-ACL" failures="0" tests="1" name="Test.Appium.Landscape" time="9.708" errors="0" timestamp="2024-06-10T12:17:45 IST" skipped="0">
  <testcase classname="Test.Appium.Landscape" name="test" time="9.708"/>
</testsuite> <!-- Test.Appium.Landscape -->
