<?xml version="1.0" encoding="UTF-8"?>
<!-- Generated by org.testng.reporters.JUnitReportReporter -->
<testsuite hostname="arunkumar-ThinkBook-15-G3-ACL" failures="0" tests="1" name="GeneralStore.eCommerce" time="13.731" errors="0" timestamp="2024-06-12T17:55:50 IST" skipped="0">
  <testcase classname="GeneralStore.eCommerce" name="fillform" time="13.731"/>
</testsuite> <!-- GeneralStore.eCommerce -->
