<?xml version="1.0" encoding="UTF-8"?>
<!-- Generated by org.testng.reporters.JUnitReportReporter -->
<testsuite hostname="arunkumar-ThinkBook-15-G3-ACL" failures="0" tests="1" name="Test.Appium.LongPress" time="9.294" errors="0" timestamp="2024-06-18T11:23:26 IST" skipped="0">
  <testcase classname="Test.Appium.LongPress" name="longpress" time="9.294"/>
  <system-out/>
</testsuite> <!-- Test.Appium.LongPress -->
