<?xml version="1.0" encoding="UTF-8"?>
<!-- Generated by org.testng.reporters.JUnitReportReporter -->
<testsuite hostname="arunkumar-ThinkBook-15-G3-ACL" failures="0" tests="1" name="Test.Appium.ScrollToView" time="9.440" errors="0" timestamp="2024-06-12T11:31:53 IST" skipped="0">
  <testcase classname="Test.Appium.ScrollToView" name="SCroll" time="9.440"/>
</testsuite> <!-- Test.Appium.ScrollToView -->
