<?xml version="1.0" encoding="UTF-8"?>
<!-- Generated by org.testng.reporters.JUnitReportReporter -->
<testsuite hostname="arunkumar-ThinkBook-15-G3-ACL" failures="0" tests="1" name="Test.Appium.DragandDrop" time="8.054" errors="0" timestamp="2024-06-07T12:17:48 IST" skipped="0">
  <testcase classname="Test.Appium.DragandDrop" name="DragDrpop" time="8.054"/>
</testsuite> <!-- Test.Appium.DragandDrop -->
