<?xml version="1.0" encoding="UTF-8"?>
<!-- Generated by org.testng.reporters.JUnitReportReporter -->
<testsuite hostname="arunkumar-ThinkBook-15-G3-ACL" failures="0" tests="1" name="GeneralStore.AddToCart" time="25.934" errors="0" timestamp="2024-06-13T11:20:03 IST" skipped="0">
  <testcase classname="GeneralStore.AddToCart" name="fillform" time="25.934"/>
</testsuite> <!-- GeneralStore.AddToCart -->
