<?xml version="1.0" encoding="UTF-8"?>
<!-- Generated by org.testng.reporters.JUnitReportReporter -->
<testsuite hostname="arunkumar-ThinkBook-15-G3-ACL" failures="0" tests="1" name="Test.Appium.BaseTest2" time="5.648" errors="0" timestamp="2024-06-10T12:23:28 IST" skipped="0">
  <testcase classname="Test.Appium.BaseTest2" name="config" time="5.648"/>
</testsuite> <!-- Test.Appium.BaseTest2 -->
